[{"line":3,"elements":[{"line":5,"name":"User lands on Home Page and opens the page Create an Account.","description":"","type":"background","keyword":"Background","steps":[{"result":{"duration":23643345500,"status":"passed"},"line":6,"name":"user opens the App","match":{"location":"stepDefinitions.StepDefinitions.user_opens_the_app()"},"keyword":"When "},{"result":{"error_message":"org.openqa.selenium.NoSuchSessionException: invalid session id: session deleted as the browser has closed the connection\nfrom disconnected: not connected to DevTools\n  (Session info: chrome=134.0.6998.36)\nBuild info: version: '4.29.0', revision: '5fc1ec94cb'\nSystem info: os.name: 'Windows 11', os.arch: 'amd64', os.version: '10.0', java.version: '21.0.5'\nDriver info: org.openqa.selenium.chrome.ChromeDriver\nCommand: [316343fc30b9094f908a8cb87e414537, findElement {value=//h1[@class='page-title'], using=xpath}]\nCapabilities {acceptInsecureCerts: false, browserName: chrome, browserVersion: 134.0.6998.36, chrome: {chromedriverVersion: 134.0.6998.35 (ea6ef4c2ac15..., userDataDir: C:\\Users\\Toshina\\AppData\\Lo...}, fedcm:accounts: true, goog:chromeOptions: {debuggerAddress: localhost:52924}, networkConnectionEnabled: false, pageLoadStrategy: normal, platformName: windows, proxy: Proxy(), se:cdp: ws://localhost:52924/devtoo..., se:cdpVersion: 134.0.6998.36, setWindowRect: true, strictFileInteractability: false, timeouts: {implicit: 0, pageLoad: 300000, script: 30000}, unhandledPromptBehavior: dismiss and notify, webauthn:extension:credBlob: true, webauthn:extension:largeBlob: true, webauthn:extension:minPinLength: true, webauthn:extension:prf: true, webauthn:virtualAuthenticators: true}\nSession ID: 316343fc30b9094f908a8cb87e414537\r\n\tat java.base/jdk.internal.reflect.DirectConstructorHandleAccessor.newInstance(DirectConstructorHandleAccessor.java:62)\r\n\tat java.base/java.lang.reflect.Constructor.newInstanceWithCaller(Constructor.java:502)\r\n\tat java.base/java.lang.reflect.Constructor.newInstance(Constructor.java:486)\r\n\tat org.openqa.selenium.remote.ErrorCodec.decode(ErrorCodec.java:167)\r\n\tat org.openqa.selenium.remote.codec.w3c.W3CHttpResponseCodec.decode(W3CHttpResponseCodec.java:138)\r\n\tat org.openqa.selenium.remote.codec.w3c.W3CHttpResponseCodec.decode(W3CHttpResponseCodec.java:50)\r\n\tat org.openqa.selenium.remote.HttpCommandExecutor.execute(HttpCommandExecutor.java:215)\r\n\tat org.openqa.selenium.remote.service.DriverCommandExecutor.invokeExecute(DriverCommandExecutor.java:216)\r\n\tat org.openqa.selenium.remote.service.DriverCommandExecutor.execute(DriverCommandExecutor.java:174)\r\n\tat org.openqa.selenium.remote.RemoteWebDriver.execute(RemoteWebDriver.java:545)\r\n\tat org.openqa.selenium.remote.ElementLocation$ElementFinder$2.findElement(ElementLocation.java:165)\r\n\tat org.openqa.selenium.remote.ElementLocation.findElement(ElementLocation.java:59)\r\n\tat org.openqa.selenium.remote.RemoteWebDriver.findElement(RemoteWebDriver.java:368)\r\n\tat org.openqa.selenium.remote.RemoteWebDriver.findElement(RemoteWebDriver.java:362)\r\n\tat org.openqa.selenium.support.pagefactory.DefaultElementLocator.findElement(DefaultElementLocator.java:68)\r\n\tat org.openqa.selenium.support.pagefactory.AjaxElementLocator.access$001(AjaxElementLocator.java:38)\r\n\tat org.openqa.selenium.support.pagefactory.AjaxElementLocator$SlowLoadingElement.isLoaded(AjaxElementLocator.java:156)\r\n\tat org.openqa.selenium.support.ui.SlowLoadableComponent.get(SlowLoadableComponent.java:68)\r\n\tat org.openqa.selenium.support.pagefactory.AjaxElementLocator.findElement(AjaxElementLocator.java:86)\r\n\tat org.openqa.selenium.support.pagefactory.internal.LocatingElementHandler.invoke(LocatingElementHandler.java:38)\r\n\tat jdk.proxy2/jdk.proxy2.$Proxy21.isDisplayed(Unknown Source)\r\n\tat org.openqa.selenium.support.ui.ExpectedConditions.elementIfVisible(ExpectedConditions.java:304)\r\n\tat org.openqa.selenium.support.ui.ExpectedConditions$10.apply(ExpectedConditions.java:290)\r\n\tat org.openqa.selenium.support.ui.ExpectedConditions$10.apply(ExpectedConditions.java:287)\r\n\tat org.openqa.selenium.support.ui.FluentWait.until(FluentWait.java:203)\r\n\tat base.PreDefinedActions.wait(PreDefinedActions.java:43)\r\n\tat base.PreDefinedActions.getText(PreDefinedActions.java:59)\r\n\tat Pages.MyAccountPage.getTitleOfThePage(MyAccountPage.java:24)\r\n\tat stepDefinitions.StepDefinitions.user_is_on_home_page(StepDefinitions.java:24)\r\n\tat ✽.user is on Home Page(file:///C:/Users/Toshina/OneDrive/Desktop/Incubytes/Assignment/Features/createAccount.feature:7)\r\n","duration":29364978000,"status":"failed"},"line":7,"name":"user is on Home Page","match":{"location":"stepDefinitions.StepDefinitions.user_is_on_home_page()"},"keyword":"And "},{"result":{"status":"skipped"},"line":8,"name":"user clicks on the header button Create an Account","match":{"location":"stepDefinitions.StepDefinitions.user_clicks_on_the_header_button_create_an_account()"},"keyword":"And "},{"result":{"status":"skipped"},"line":9,"name":"user is on the page Create an Account","match":{"location":"stepDefinitions.StepDefinitions.user_is_on_the_page_create_an_account()"},"keyword":"Then "}]},{"start_timestamp":"2025-03-10T07:20:08.108Z","line":11,"name":"User clicks on the button Create an Account to check all the mandatory fields.","description":"","id":"i-want-to-test-create-new-account-scenario;user-clicks-on-the-button-create-an-account-to-check-all-the-mandatory-fields.","after":[{"result":{"duration":232201900,"status":"passed"},"match":{"location":"stepDefinitions.StepDefinitions.quitDriver()"}}],"type":"scenario","keyword":"Scenario","steps":[{"result":{"status":"skipped"},"line":12,"name":"user is on the page Create an Account","match":{"location":"stepDefinitions.StepDefinitions.user_is_on_the_page_create_an_account()"},"keyword":"Given "},{"result":{"status":"skipped"},"line":13,"name":"user clicks on the button Create an Account","match":{"location":"stepDefinitions.StepDefinitions.user_clicks_on_the_button_create_an_account()"},"keyword":"When "},{"result":{"status":"skipped"},"line":14,"name":"user compares the count of warnings with the count of mandatory fields","match":{"location":"stepDefinitions.StepDefinitions.user_compares_the_count_of_warnings_with_the_count_of_mandatory_fields()"},"keyword":"Then "}]},{"line":5,"name":"User lands on Home Page and opens the page Create an Account.","description":"","type":"background","keyword":"Background","steps":[{"result":{"duration":9354701400,"status":"passed"},"line":6,"name":"user opens the App","match":{"location":"stepDefinitions.StepDefinitions.user_opens_the_app()"},"keyword":"When "},{"result":{"error_message":"org.openqa.selenium.NoSuchWindowException: no such window: target window already closed\nfrom unknown error: web view not found\n  (Session info: chrome=134.0.6998.36)\nBuild info: version: '4.29.0', revision: '5fc1ec94cb'\nSystem info: os.name: 'Windows 11', os.arch: 'amd64', os.version: '10.0', java.version: '21.0.5'\nDriver info: org.openqa.selenium.chrome.ChromeDriver\nCommand: [1de1a9c7df00d3af73781de695c82b9a, findElement {value=//h1[@class='page-title'], using=xpath}]\nCapabilities {acceptInsecureCerts: false, browserName: chrome, browserVersion: 134.0.6998.36, chrome: {chromedriverVersion: 134.0.6998.35 (ea6ef4c2ac15..., userDataDir: C:\\Users\\Toshina\\AppData\\Lo...}, fedcm:accounts: true, goog:chromeOptions: {debuggerAddress: localhost:52985}, networkConnectionEnabled: false, pageLoadStrategy: normal, platformName: windows, proxy: Proxy(), se:cdp: ws://localhost:52985/devtoo..., se:cdpVersion: 134.0.6998.36, setWindowRect: true, strictFileInteractability: false, timeouts: {implicit: 0, pageLoad: 300000, script: 30000}, unhandledPromptBehavior: dismiss and notify, webauthn:extension:credBlob: true, webauthn:extension:largeBlob: true, webauthn:extension:minPinLength: true, webauthn:extension:prf: true, webauthn:virtualAuthenticators: true}\nSession ID: 1de1a9c7df00d3af73781de695c82b9a\r\n\tat java.base/jdk.internal.reflect.DirectConstructorHandleAccessor.newInstance(DirectConstructorHandleAccessor.java:62)\r\n\tat java.base/java.lang.reflect.Constructor.newInstanceWithCaller(Constructor.java:502)\r\n\tat java.base/java.lang.reflect.Constructor.newInstance(Constructor.java:486)\r\n\tat org.openqa.selenium.remote.ErrorCodec.decode(ErrorCodec.java:167)\r\n\tat org.openqa.selenium.remote.codec.w3c.W3CHttpResponseCodec.decode(W3CHttpResponseCodec.java:138)\r\n\tat org.openqa.selenium.remote.codec.w3c.W3CHttpResponseCodec.decode(W3CHttpResponseCodec.java:50)\r\n\tat org.openqa.selenium.remote.HttpCommandExecutor.execute(HttpCommandExecutor.java:215)\r\n\tat org.openqa.selenium.remote.service.DriverCommandExecutor.invokeExecute(DriverCommandExecutor.java:216)\r\n\tat org.openqa.selenium.remote.service.DriverCommandExecutor.execute(DriverCommandExecutor.java:174)\r\n\tat org.openqa.selenium.remote.RemoteWebDriver.execute(RemoteWebDriver.java:545)\r\n\tat org.openqa.selenium.remote.ElementLocation$ElementFinder$2.findElement(ElementLocation.java:165)\r\n\tat org.openqa.selenium.remote.ElementLocation.findElement(ElementLocation.java:59)\r\n\tat org.openqa.selenium.remote.RemoteWebDriver.findElement(RemoteWebDriver.java:368)\r\n\tat org.openqa.selenium.remote.RemoteWebDriver.findElement(RemoteWebDriver.java:362)\r\n\tat org.openqa.selenium.support.pagefactory.DefaultElementLocator.findElement(DefaultElementLocator.java:68)\r\n\tat org.openqa.selenium.support.pagefactory.AjaxElementLocator.access$001(AjaxElementLocator.java:38)\r\n\tat org.openqa.selenium.support.pagefactory.AjaxElementLocator$SlowLoadingElement.isLoaded(AjaxElementLocator.java:156)\r\n\tat org.openqa.selenium.support.ui.SlowLoadableComponent.get(SlowLoadableComponent.java:58)\r\n\tat org.openqa.selenium.support.pagefactory.AjaxElementLocator.findElement(AjaxElementLocator.java:86)\r\n\tat org.openqa.selenium.support.pagefactory.internal.LocatingElementHandler.invoke(LocatingElementHandler.java:38)\r\n\tat jdk.proxy2/jdk.proxy2.$Proxy21.toString(Unknown Source)\r\n\tat java.base/java.lang.String.valueOf(String.java:4465)\r\n\tat org.openqa.selenium.support.ui.ExpectedConditions$10.toString(ExpectedConditions.java:295)\r\n\tat java.base/java.lang.String.valueOf(String.java:4465)\r\n\tat org.openqa.selenium.support.ui.FluentWait.until(FluentWait.java:225)\r\n\tat base.PreDefinedActions.wait(PreDefinedActions.java:43)\r\n\tat base.PreDefinedActions.getText(PreDefinedActions.java:59)\r\n\tat Pages.MyAccountPage.getTitleOfThePage(MyAccountPage.java:24)\r\n\tat stepDefinitions.StepDefinitions.user_is_on_home_page(StepDefinitions.java:24)\r\n\tat ✽.user is on Home Page(file:///C:/Users/Toshina/OneDrive/Desktop/Incubytes/Assignment/Features/createAccount.feature:7)\r\n","duration":30412749800,"status":"failed"},"line":7,"name":"user is on Home Page","match":{"location":"stepDefinitions.StepDefinitions.user_is_on_home_page()"},"keyword":"And "},{"result":{"status":"skipped"},"line":8,"name":"user clicks on the header button Create an Account","match":{"location":"stepDefinitions.StepDefinitions.user_clicks_on_the_header_button_create_an_account()"},"keyword":"And "},{"result":{"status":"skipped"},"line":9,"name":"user is on the page Create an Account","match":{"location":"stepDefinitions.StepDefinitions.user_is_on_the_page_create_an_account()"},"keyword":"Then "}]},{"start_timestamp":"2025-03-10T07:21:01.438Z","line":16,"name":"User provides Personal Information.","description":"","id":"i-want-to-test-create-new-account-scenario;user-provides-personal-information.","after":[{"result":{"duration":250896400,"status":"passed"},"match":{"location":"stepDefinitions.StepDefinitions.quitDriver()"}}],"type":"scenario","keyword":"Scenario","steps":[{"result":{"status":"skipped"},"line":17,"name":"user is on the page Create an Account","match":{"location":"stepDefinitions.StepDefinitions.user_is_on_the_page_create_an_account()"},"keyword":"Given "},{"result":{"status":"skipped"},"line":18,"name":"user enters the first name","match":{"location":"stepDefinitions.StepDefinitions.user_enters_the_first_name()"},"keyword":"When "},{"result":{"status":"skipped"},"line":19,"name":"user enters the last name","match":{"location":"stepDefinitions.StepDefinitions.user_enters_the_last_name()"},"keyword":"And "}]}],"name":"I want to test create new account scenario","description":"","id":"i-want-to-test-create-new-account-scenario","keyword":"Feature","uri":"file:Features/createAccount.feature","tags":[]}]